<html>
<body>
<pre>
<h1>Vision Build Log</h1>
<h2>Project:</h2>
E:\workSpace\DFU_ucos_IP\Project\USB_Host_Examples\MSC_读取U盘\MDK-ARM\USBH_MSC.uvproj
Project File Date:  10/19/2015

<h2>Output:</h2>
Build target '神舟王STM322xG-EVAL_USBH-FS'
compiling stm32fxxx_it.c...
compiling main.c...
compiling usbh_usr.c...
compiling app_task.c...
compiling usbh_core.c...
compiling usbh_dfu_core.c...
..\..\..\..\Libraries\STM32_USB_HOST_Library\Class\DFU\src\usbh_dfu_core.c(605): warning:  #177-D: variable "pphost" was declared but never referenced
..\..\..\..\Libraries\STM32_USB_HOST_Library\Class\DFU\src\usbh_dfu_core.c(608): warning:  #177-D: variable "classReqStatus" was declared but never referenced
..\..\..\..\Libraries\STM32_USB_HOST_Library\Class\DFU\src\usbh_dfu_core.c(625): warning:  #177-D: variable "pphost" was declared but never referenced
..\..\..\..\Libraries\STM32_USB_HOST_Library\Class\DFU\src\usbh_dfu_core.c(702): warning:  #177-D: function "USBH_Get_DFU_ReportDescriptor" was declared but never referenced
..\..\..\..\Libraries\STM32_USB_HOST_Library\Class\DFU\src\usbh_dfu_core.c(735): warning:  #177-D: function "USBH_Get_DFU_Descriptor" was declared but never referenced
..\..\..\..\Libraries\STM32_USB_HOST_Library\Class\DFU\src\usbh_dfu_core.c(761): warning:  #177-D: function "USBH_Set_Idle" was declared but never referenced
..\..\..\..\Libraries\STM32_USB_HOST_Library\Class\DFU\src\usbh_dfu_core.c(789): warning:  #177-D: function "USBH_Set_Protocol" was declared but never referenced
compiling UART.C...
compiling lib.c...
compiling timer.c...
compiling rtc.c...
compiling shell.c...
..\..\..\..\Utilities\slef\shell.c(137): warning:  #550-D: variable "tmp1" was set but never used
..\..\..\..\Utilities\slef\shell.c(77): warning:  #177-D: function "cmd_ChgPara2DEC" was declared but never referenced
compiling os_core.c...
compiling os_mbox.c...
compiling os_q.c...
compiling os_sem.c...
compiling os_task.c...
compiling os_time.c...
compiling os_tmr.c...
..\..\..\..\Utilities\uCOS-II\Source\os_tmr.c(160): warning:  #223-D: function "OSSchedLock" declared implicitly
..\..\..\..\Utilities\uCOS-II\Source\os_tmr.c(163): warning:  #223-D: function "OSSchedUnlock" declared implicitly
..\..\..\..\Utilities\uCOS-II\Source\os_tmr.c(180): warning:  #223-D: function "OSSchedUnlock" declared implicitly
..\..\..\..\Utilities\uCOS-II\Source\os_tmr.c(233): warning:  #223-D: function "OSSchedLock" declared implicitly
..\..\..\..\Utilities\uCOS-II\Source\os_tmr.c(238): warning:  #223-D: function "OSSchedUnlock" declared implicitly
..\..\..\..\Utilities\uCOS-II\Source\os_tmr.c(394): warning:  #223-D: function "OSSchedLock" declared implicitly
..\..\..\..\Utilities\uCOS-II\Source\os_tmr.c(398): warning:  #223-D: function "OSSchedUnlock" declared implicitly
..\..\..\..\Utilities\uCOS-II\Source\os_tmr.c(495): warning:  #223-D: function "OSSchedLock" declared implicitly
..\..\..\..\Utilities\uCOS-II\Source\os_tmr.c(509): warning:  #223-D: function "OSSchedUnlock" declared implicitly
..\..\..\..\Utilities\uCOS-II\Source\os_tmr.c(562): warning:  #223-D: function "OSSchedLock" declared implicitly
..\..\..\..\Utilities\uCOS-II\Source\os_tmr.c(567): warning:  #223-D: function "OSSchedUnlock" declared implicitly
..\..\..\..\Utilities\uCOS-II\Source\os_tmr.c(659): warning:  #223-D: function "OSSchedLock" declared implicitly
..\..\..\..\Utilities\uCOS-II\Source\os_tmr.c(690): warning:  #223-D: function "OSSchedUnlock" declared implicitly
..\..\..\..\Utilities\uCOS-II\Source\os_tmr.c(900): error:  #20: identifier "OS_TASK_TMR_PRIO" is undefined
..\..\..\..\Utilities\uCOS-II\Source\os_tmr.c(1067): warning:  #223-D: function "OSSchedLock" declared implicitly
..\..\..\..\Utilities\uCOS-II\Source\os_tmr.c(1089): warning:  #223-D: function "OSSchedUnlock" declared implicitly
compiling os_dbg.c...
compiling os_cpu_c.c...
..\..\..\..\Utilities\uCOS-II\Ports\os_cpu_c.c(36): warning:  #550-D: variable "OSTmrCtr" was set but never used
".\STM322xG-EVAL\STM322xG-EVAL_FS.axf" - 1 Errors, 25 Warning(s).
Target not created
Build target '神舟王STM322xG-EVAL_USBH-FS'
compiling stm32fxxx_it.c...
compiling main.c...
compiling usbh_usr.c...
compiling app_task.c...
compiling usbh_core.c...
compiling usbh_dfu_core.c...
..\..\..\..\Libraries\STM32_USB_HOST_Library\Class\DFU\src\usbh_dfu_core.c(605): warning:  #177-D: variable "pphost" was declared but never referenced
..\..\..\..\Libraries\STM32_USB_HOST_Library\Class\DFU\src\usbh_dfu_core.c(608): warning:  #177-D: variable "classReqStatus" was declared but never referenced
..\..\..\..\Libraries\STM32_USB_HOST_Library\Class\DFU\src\usbh_dfu_core.c(625): warning:  #177-D: variable "pphost" was declared but never referenced
..\..\..\..\Libraries\STM32_USB_HOST_Library\Class\DFU\src\usbh_dfu_core.c(702): warning:  #177-D: function "USBH_Get_DFU_ReportDescriptor" was declared but never referenced
..\..\..\..\Libraries\STM32_USB_HOST_Library\Class\DFU\src\usbh_dfu_core.c(735): warning:  #177-D: function "USBH_Get_DFU_Descriptor" was declared but never referenced
..\..\..\..\Libraries\STM32_USB_HOST_Library\Class\DFU\src\usbh_dfu_core.c(761): warning:  #177-D: function "USBH_Set_Idle" was declared but never referenced
..\..\..\..\Libraries\STM32_USB_HOST_Library\Class\DFU\src\usbh_dfu_core.c(789): warning:  #177-D: function "USBH_Set_Protocol" was declared but never referenced
compiling UART.C...
compiling lib.c...
compiling timer.c...
compiling rtc.c...
compiling shell.c...
..\..\..\..\Utilities\slef\shell.c(137): warning:  #550-D: variable "tmp1" was set but never used
..\..\..\..\Utilities\slef\shell.c(77): warning:  #177-D: function "cmd_ChgPara2DEC" was declared but never referenced
compiling os_core.c...
compiling os_mbox.c...
compiling os_q.c...
compiling os_sem.c...
compiling os_task.c...
compiling os_time.c...
compiling os_tmr.c...
..\..\..\..\Utilities\uCOS-II\Source\os_tmr.c(900): error:  #20: identifier "OS_TASK_TMR_PRIO" is undefined
compiling os_dbg.c...
compiling os_cpu_c.c...
..\..\..\..\Utilities\uCOS-II\Ports\os_cpu_c.c(36): warning:  #550-D: variable "OSTmrCtr" was set but never used
".\STM322xG-EVAL\STM322xG-EVAL_FS.axf" - 1 Errors, 10 Warning(s).
Target not created
Build target '神舟王STM322xG-EVAL_USBH-FS'
compiling os_tmr.c...
..\..\..\..\Utilities\uCOS-II\Source\os_tmr.c(51): warning:  #47-D: incompatible redefinition of macro "OS_TASK_TMR_STK_SIZE" (declared at line 59 of "..\..\..\..\Utilities\uCOS-II\Ports\../os_cfg.h")
..\..\..\..\Utilities\uCOS-II\Source\os_tmr.c(902): warning:  #175-D: subscript out of range
linking...
Program Size: Code=45908 RO-data=14132 RW-data=560 ZI-data=13216  
FromELF: creating hex file...
".\STM322xG-EVAL\STM322xG-EVAL_FS.axf" - 0 Errors, 2 Warning(s).
Build target '神舟王STM322xG-EVAL_USBH-FS'
compiling os_tmr.c...
linking...
Program Size: Code=45908 RO-data=14132 RW-data=560 ZI-data=13216  
FromELF: creating hex file...
".\STM322xG-EVAL\STM322xG-EVAL_FS.axf" - 0 Errors, 0 Warning(s).
Build target '神舟王STM322xG-EVAL_USBH-FS'
compiling os_tmr.c...
..\..\..\..\Utilities\uCOS-II\Source\os_tmr.c(901): error:  #20: identifier "OS_TASK_TMR_PRIO" is undefined
".\STM322xG-EVAL\STM322xG-EVAL_FS.axf" - 1 Errors, 0 Warning(s).
Target not created
Build target '神舟王STM322xG-EVAL_USBH-FS'
compiling os_tmr.c...
linking...
Program Size: Code=45908 RO-data=14132 RW-data=560 ZI-data=13216  
FromELF: creating hex file...
".\STM322xG-EVAL\STM322xG-EVAL_FS.axf" - 0 Errors, 0 Warning(s).
Rebuild target '神舟王STM322xG-EVAL_USBH-FS'
compiling stm32fxxx_it.c...
compiling usb_bsp.c...
compiling misc.c...
compiling main.c...
compiling usbh_usr.c...
compiling app_task.c...
compiling usbh_stdreq.c...
compiling usbh_core.c...
compiling usbh_hcs.c...
compiling usbh_ioreq.c...
compiling usb_hcd_int.c...
compiling usb_core.c...
compiling usb_hcd.c...
compiling usbh_msc_scsi.c...
compiling usbh_msc_bot.c...
compiling usbh_msc_core.c...
compiling usbh_msc_fatfs.c...
compiling ff.c...
compiling fattime.c...
compiling lcd_log.c...
assembling startup_stm32f2xx.s...
compiling system_stm32f2xx.c...
compiling stm32f2xx_syscfg.c...
compiling stm32f2xx_dma.c...
compiling stm32f2xx_exti.c...
compiling stm32f2xx_flash.c...
compiling stm32f2xx_fsmc.c...
compiling stm32f2xx_gpio.c...
compiling stm32f2xx_i2c.c...
compiling stm32f2xx_pwr.c...
compiling stm32f2xx_rcc.c...
compiling stm32f2xx_spi.c...
compiling stm32f2xx_usart.c...
compiling stm32f2xx_tim.c...
compiling stm32f2xx_sdio.c...
compiling stm322xg_eval_sdio_sd.c...
compiling stm322xg_eval.c...
compiling stm322xg_eval_ioe.c...
compiling stm322xg_eval_lcd.c...
compiling xprintf.c...
compiling usbh_hid_core.c...
compiling usbh_hid_keybd.c...
compiling usbh_hid_mouse.c...
compiling usbh_dfu_core.c...
..\..\..\..\Libraries\STM32_USB_HOST_Library\Class\DFU\src\usbh_dfu_core.c(605): warning:  #177-D: variable "pphost" was declared but never referenced
..\..\..\..\Libraries\STM32_USB_HOST_Library\Class\DFU\src\usbh_dfu_core.c(608): warning:  #177-D: variable "classReqStatus" was declared but never referenced
..\..\..\..\Libraries\STM32_USB_HOST_Library\Class\DFU\src\usbh_dfu_core.c(625): warning:  #177-D: variable "pphost" was declared but never referenced
..\..\..\..\Libraries\STM32_USB_HOST_Library\Class\DFU\src\usbh_dfu_core.c(702): warning:  #177-D: function "USBH_Get_DFU_ReportDescriptor" was declared but never referenced
..\..\..\..\Libraries\STM32_USB_HOST_Library\Class\DFU\src\usbh_dfu_core.c(735): warning:  #177-D: function "USBH_Get_DFU_Descriptor" was declared but never referenced
..\..\..\..\Libraries\STM32_USB_HOST_Library\Class\DFU\src\usbh_dfu_core.c(761): warning:  #177-D: function "USBH_Set_Idle" was declared but never referenced
..\..\..\..\Libraries\STM32_USB_HOST_Library\Class\DFU\src\usbh_dfu_core.c(789): warning:  #177-D: function "USBH_Set_Protocol" was declared but never referenced
compiling UART.C...
compiling lib.c...
compiling timer.c...
compiling rtc.c...
compiling shell.c...
..\..\..\..\Utilities\slef\shell.c(137): warning:  #550-D: variable "tmp1" was set but never used
..\..\..\..\Utilities\slef\shell.c(77): warning:  #177-D: function "cmd_ChgPara2DEC" was declared but never referenced
compiling os_core.c...
compiling os_mbox.c...
compiling os_q.c...
compiling os_sem.c...
compiling os_task.c...
compiling os_time.c...
compiling os_tmr.c...
compiling os_dbg.c...
compiling os_cpu_c.c...
..\..\..\..\Utilities\uCOS-II\Ports\os_cpu_c.c(36): warning:  #550-D: variable "OSTmrCtr" was set but never used
assembling os_cpu_a.asm...
linking...
Program Size: Code=45908 RO-data=14132 RW-data=560 ZI-data=13216  
FromELF: creating hex file...
".\STM322xG-EVAL\STM322xG-EVAL_FS.axf" - 0 Errors, 10 Warning(s).
Build target '神舟王STM322xG-EVAL_USBH-FS'
compiling stm32fxxx_it.c...
compiling main.c...
compiling usbh_usr.c...
compiling app_task.c...
compiling usbh_core.c...
compiling usbh_dfu_core.c...
..\..\..\..\Libraries\STM32_USB_HOST_Library\Class\DFU\src\usbh_dfu_core.c(605): warning:  #177-D: variable "pphost" was declared but never referenced
..\..\..\..\Libraries\STM32_USB_HOST_Library\Class\DFU\src\usbh_dfu_core.c(608): warning:  #177-D: variable "classReqStatus" was declared but never referenced
..\..\..\..\Libraries\STM32_USB_HOST_Library\Class\DFU\src\usbh_dfu_core.c(625): warning:  #177-D: variable "pphost" was declared but never referenced
..\..\..\..\Libraries\STM32_USB_HOST_Library\Class\DFU\src\usbh_dfu_core.c(702): warning:  #177-D: function "USBH_Get_DFU_ReportDescriptor" was declared but never referenced
..\..\..\..\Libraries\STM32_USB_HOST_Library\Class\DFU\src\usbh_dfu_core.c(735): warning:  #177-D: function "USBH_Get_DFU_Descriptor" was declared but never referenced
..\..\..\..\Libraries\STM32_USB_HOST_Library\Class\DFU\src\usbh_dfu_core.c(761): warning:  #177-D: function "USBH_Set_Idle" was declared but never referenced
..\..\..\..\Libraries\STM32_USB_HOST_Library\Class\DFU\src\usbh_dfu_core.c(789): warning:  #177-D: function "USBH_Set_Protocol" was declared but never referenced
compiling UART.C...
compiling lib.c...
compiling timer.c...
compiling rtc.c...
compiling shell.c...
..\..\..\..\Utilities\slef\shell.c(137): warning:  #550-D: variable "tmp1" was set but never used
..\..\..\..\Utilities\slef\shell.c(77): warning:  #177-D: function "cmd_ChgPara2DEC" was declared but never referenced
compiling os_core.c...
compiling os_mbox.c...
compiling os_q.c...
compiling os_sem.c...
compiling os_task.c...
compiling os_time.c...
compiling os_tmr.c...
..\..\..\..\Utilities\uCOS-II\Source\os_tmr.c(900): error:  #20: identifier "OS_TASK_TMR_PRIO" is undefined
compiling os_dbg.c...
compiling os_cpu_c.c...
".\STM322xG-EVAL\STM322xG-EVAL_FS.axf" - 1 Errors, 9 Warning(s).
Target not created
Build target '神舟王STM322xG-EVAL_USBH-FS'
compiling stm32fxxx_it.c...
compiling main.c...
compiling app_task.c...
compiling usbh_core.c...
compiling usbh_dfu_core.c...
..\..\..\..\Libraries\STM32_USB_HOST_Library\Class\DFU\src\usbh_dfu_core.c(605): warning:  #177-D: variable "pphost" was declared but never referenced
..\..\..\..\Libraries\STM32_USB_HOST_Library\Class\DFU\src\usbh_dfu_core.c(608): warning:  #177-D: variable "classReqStatus" was declared but never referenced
..\..\..\..\Libraries\STM32_USB_HOST_Library\Class\DFU\src\usbh_dfu_core.c(625): warning:  #177-D: variable "pphost" was declared but never referenced
..\..\..\..\Libraries\STM32_USB_HOST_Library\Class\DFU\src\usbh_dfu_core.c(702): warning:  #177-D: function "USBH_Get_DFU_ReportDescriptor" was declared but never referenced
..\..\..\..\Libraries\STM32_USB_HOST_Library\Class\DFU\src\usbh_dfu_core.c(735): warning:  #177-D: function "USBH_Get_DFU_Descriptor" was declared but never referenced
..\..\..\..\Libraries\STM32_USB_HOST_Library\Class\DFU\src\usbh_dfu_core.c(761): warning:  #177-D: function "USBH_Set_Idle" was declared but never referenced
..\..\..\..\Libraries\STM32_USB_HOST_Library\Class\DFU\src\usbh_dfu_core.c(789): warning:  #177-D: function "USBH_Set_Protocol" was declared but never referenced
compiling UART.C...
compiling lib.c...
compiling timer.c...
compiling rtc.c...
compiling shell.c...
..\..\..\..\Utilities\slef\shell.c(137): warning:  #550-D: variable "tmp1" was set but never used
..\..\..\..\Utilities\slef\shell.c(77): warning:  #177-D: function "cmd_ChgPara2DEC" was declared but never referenced
compiling os_tmr.c...
compiling os_cpu_c.c...
linking...
Program Size: Code=45968 RO-data=14132 RW-data=560 ZI-data=13216  
FromELF: creating hex file...
".\STM322xG-EVAL\STM322xG-EVAL_FS.axf" - 0 Errors, 9 Warning(s).
Build target '神舟王STM322xG-EVAL_USBH-FS'
compiling stm32fxxx_it.c...
compiling main.c...
compiling app_task.c...
compiling usbh_core.c...
compiling usbh_dfu_core.c...
..\..\..\..\Libraries\STM32_USB_HOST_Library\Class\DFU\src\usbh_dfu_core.c(605): warning:  #177-D: variable "pphost" was declared but never referenced
..\..\..\..\Libraries\STM32_USB_HOST_Library\Class\DFU\src\usbh_dfu_core.c(608): warning:  #177-D: variable "classReqStatus" was declared but never referenced
..\..\..\..\Libraries\STM32_USB_HOST_Library\Class\DFU\src\usbh_dfu_core.c(625): warning:  #177-D: variable "pphost" was declared but never referenced
..\..\..\..\Libraries\STM32_USB_HOST_Library\Class\DFU\src\usbh_dfu_core.c(702): warning:  #177-D: function "USBH_Get_DFU_ReportDescriptor" was declared but never referenced
..\..\..\..\Libraries\STM32_USB_HOST_Library\Class\DFU\src\usbh_dfu_core.c(735): warning:  #177-D: function "USBH_Get_DFU_Descriptor" was declared but never referenced
..\..\..\..\Libraries\STM32_USB_HOST_Library\Class\DFU\src\usbh_dfu_core.c(761): warning:  #177-D: function "USBH_Set_Idle" was declared but never referenced
..\..\..\..\Libraries\STM32_USB_HOST_Library\Class\DFU\src\usbh_dfu_core.c(789): warning:  #177-D: function "USBH_Set_Protocol" was declared but never referenced
compiling UART.C...
compiling lib.c...
compiling timer.c...
compiling rtc.c...
compiling shell.c...
..\..\..\..\Utilities\slef\shell.c(137): warning:  #550-D: variable "tmp1" was set but never used
..\..\..\..\Utilities\slef\shell.c(77): warning:  #177-D: function "cmd_ChgPara2DEC" was declared but never referenced
compiling os_cpu_c.c...
linking...
Program Size: Code=45968 RO-data=14132 RW-data=560 ZI-data=13216  
FromELF: creating hex file...
".\STM322xG-EVAL\STM322xG-EVAL_FS.axf" - 0 Errors, 9 Warning(s).
Build target '神舟王STM322xG-EVAL_USBH-FS'
compiling stm32fxxx_it.c...
compiling main.c...
compiling app_task.c...
compiling usbh_core.c...
compiling usbh_dfu_core.c...
..\..\..\..\Libraries\STM32_USB_HOST_Library\Class\DFU\src\usbh_dfu_core.c(605): warning:  #177-D: variable "pphost" was declared but never referenced
..\..\..\..\Libraries\STM32_USB_HOST_Library\Class\DFU\src\usbh_dfu_core.c(608): warning:  #177-D: variable "classReqStatus" was declared but never referenced
..\..\..\..\Libraries\STM32_USB_HOST_Library\Class\DFU\src\usbh_dfu_core.c(625): warning:  #177-D: variable "pphost" was declared but never referenced
..\..\..\..\Libraries\STM32_USB_HOST_Library\Class\DFU\src\usbh_dfu_core.c(702): warning:  #177-D: function "USBH_Get_DFU_ReportDescriptor" was declared but never referenced
..\..\..\..\Libraries\STM32_USB_HOST_Library\Class\DFU\src\usbh_dfu_core.c(735): warning:  #177-D: function "USBH_Get_DFU_Descriptor" was declared but never referenced
..\..\..\..\Libraries\STM32_USB_HOST_Library\Class\DFU\src\usbh_dfu_core.c(761): warning:  #177-D: function "USBH_Set_Idle" was declared but never referenced
..\..\..\..\Libraries\STM32_USB_HOST_Library\Class\DFU\src\usbh_dfu_core.c(789): warning:  #177-D: function "USBH_Set_Protocol" was declared but never referenced
compiling UART.C...
compiling lib.c...
compiling timer.c...
compiling rtc.c...
compiling shell.c...
..\..\..\..\Utilities\slef\shell.c(137): warning:  #550-D: variable "tmp1" was set but never used
..\..\..\..\Utilities\slef\shell.c(77): warning:  #177-D: function "cmd_ChgPara2DEC" was declared but never referenced
compiling os_cpu_c.c...
linking...
.\STM322xG-EVAL\STM322xG-EVAL_FS.axf: Error: L6218E: Undefined symbol AppTask3_Debug (referred from app_task.o).
".\STM322xG-EVAL\STM322xG-EVAL_FS.axf" - 1 Errors, 9 Warning(s).
Target not created
Build target '神舟王STM322xG-EVAL_USBH-FS'
compiling app_task.c...
linking...
Program Size: Code=46076 RO-data=14132 RW-data=560 ZI-data=14240  
FromELF: creating hex file...
".\STM322xG-EVAL\STM322xG-EVAL_FS.axf" - 0 Errors, 0 Warning(s).
Build target '神舟王STM322xG-EVAL_USBH-FS'
compiling app_task.c...
..\src\app_task.c(166): warning:  #167-D: argument of type "void (*)(void)" is incompatible with parameter of type "OS_TMR_CALLBACK"
..\src\app_task.c(167): warning:  #167-D: argument of type "void (*)(void)" is incompatible with parameter of type "OS_TMR_CALLBACK"
linking...
Program Size: Code=46272 RO-data=14132 RW-data=560 ZI-data=14240  
FromELF: creating hex file...
".\STM322xG-EVAL\STM322xG-EVAL_FS.axf" - 0 Errors, 2 Warning(s).
Build target '神舟王STM322xG-EVAL_USBH-FS'
compiling app_task.c...
..\src\app_task.c(166): warning:  #167-D: argument of type "void (*)(void *)" is incompatible with parameter of type "OS_TMR_CALLBACK"
..\src\app_task.c(167): warning:  #167-D: argument of type "void (*)(void *)" is incompatible with parameter of type "OS_TMR_CALLBACK"
linking...
Program Size: Code=46276 RO-data=14132 RW-data=560 ZI-data=14240  
FromELF: creating hex file...
".\STM322xG-EVAL\STM322xG-EVAL_FS.axf" - 0 Errors, 2 Warning(s).
Build target '神舟王STM322xG-EVAL_USBH-FS'
compiling app_task.c...
..\src\app_task.c(151): error:  #169: expected a declaration
".\STM322xG-EVAL\STM322xG-EVAL_FS.axf" - 1 Errors, 0 Warning(s).
Target not created
Build target '神舟王STM322xG-EVAL_USBH-FS'
compiling app_task.c...
linking...
Program Size: Code=46280 RO-data=14132 RW-data=560 ZI-data=14240  
FromELF: creating hex file...
".\STM322xG-EVAL\STM322xG-EVAL_FS.axf" - 0 Errors, 0 Warning(s).
Build target '神舟王STM322xG-EVAL_USBH-FS'
linking...
Program Size: Code=46280 RO-data=14132 RW-data=560 ZI-data=14240  
FromELF: creating hex file...
".\STM322xG-EVAL\STM322xG-EVAL_FS.axf" - 0 Errors, 0 Warning(s).
Load "E:\\workSpace\\DFU_ucos_IP\\Project\\USB_Host_Examples\\MSC_读取U盘\\MDK-ARM\\STM322xG-EVAL\\STM322xG-EVAL_FS.axf" 
Load "E:\\workSpace\\DFU_ucos_IP\\Project\\USB_Host_Examples\\MSC_读取U盘\\MDK-ARM\\STM322xG-EVAL\\STM322xG-EVAL_FS.axf" 
Set JLink Project File to "E:\workSpace\DFU_ucos_IP\Project\USB_Host_Examples\MSC_读取U盘\MDK-ARM\JLinkSettings.ini"
* JLink Info: Device "STM32F207ZG" selected (1024 KB flash, 64 KB RAM).
 
JLink info:
------------
DLL: V4.68a, compiled Apr 12 2013 13:26:50
Firmware: J-Link ARM V8 compiled Jan 31 2018 18:34:52
Hardware: V8.00
S/N : 20080643 
Feature(s) : RDI,FlashDL,FlashBP,JFlash,GDBFull 
 
* JLink Info: Found SWD-DP with ID 0x2BA01477
* JLink Info: Found SWD-DP with ID 0x2BA01477
* JLink Info: TPIU fitted.
* JLink Info: ETM fitted.
* JLink Info: FPUnit: 6 code (BP) slots and 2 literal slots
* JLink Info: Found Cortex-M3 r2p0, Little endian.
ROMTableAddr = 0xE00FF003
 
Target info:
------------
Device: STM32F207ZG
VTarget = 3.300V
State of Pins: 
TCK: 0, TDI: 1, TDO: 1, TMS: 0, TRES: 1, TRST: 1
Hardware-Breakpoints: 6
Software-Breakpoints: 8192
Watchpoints:          4
JTAG speed: 4000 kHz
 
Erase Done.
Programming Done.
Verify OK.
Application running ...
Build target '神舟王STM322xG-EVAL_USBH-FS'
compiling stm32fxxx_it.c...
compiling main.c...
compiling app_task.c...
compiling usbh_core.c...
compiling usbh_dfu_core.c...
..\..\..\..\Libraries\STM32_USB_HOST_Library\Class\DFU\src\usbh_dfu_core.c(605): warning:  #177-D: variable "pphost" was declared but never referenced
..\..\..\..\Libraries\STM32_USB_HOST_Library\Class\DFU\src\usbh_dfu_core.c(608): warning:  #177-D: variable "classReqStatus" was declared but never referenced
..\..\..\..\Libraries\STM32_USB_HOST_Library\Class\DFU\src\usbh_dfu_core.c(625): warning:  #177-D: variable "pphost" was declared but never referenced
..\..\..\..\Libraries\STM32_USB_HOST_Library\Class\DFU\src\usbh_dfu_core.c(702): warning:  #177-D: function "USBH_Get_DFU_ReportDescriptor" was declared but never referenced
..\..\..\..\Libraries\STM32_USB_HOST_Library\Class\DFU\src\usbh_dfu_core.c(735): warning:  #177-D: function "USBH_Get_DFU_Descriptor" was declared but never referenced
..\..\..\..\Libraries\STM32_USB_HOST_Library\Class\DFU\src\usbh_dfu_core.c(761): warning:  #177-D: function "USBH_Set_Idle" was declared but never referenced
..\..\..\..\Libraries\STM32_USB_HOST_Library\Class\DFU\src\usbh_dfu_core.c(789): warning:  #177-D: function "USBH_Set_Protocol" was declared but never referenced
compiling UART.C...
compiling lib.c...
compiling timer.c...
compiling rtc.c...
compiling shell.c...
..\..\..\..\Utilities\slef\shell.c(137): warning:  #550-D: variable "tmp1" was set but never used
..\..\..\..\Utilities\slef\shell.c(77): warning:  #177-D: function "cmd_ChgPara2DEC" was declared but never referenced
compiling os_cpu_c.c...
linking...
Program Size: Code=46280 RO-data=14132 RW-data=560 ZI-data=14240  
FromELF: creating hex file...
".\STM322xG-EVAL\STM322xG-EVAL_FS.axf" - 0 Errors, 9 Warning(s).
Load "E:\\workSpace\\DFU_ucos_IP\\Project\\USB_Host_Examples\\MSC_读取U盘\\MDK-ARM\\STM322xG-EVAL\\STM322xG-EVAL_FS.axf" 
Set JLink Project File to "E:\workSpace\DFU_ucos_IP\Project\USB_Host_Examples\MSC_读取U盘\MDK-ARM\JLinkSettings.ini"
* JLink Info: Device "STM32F207ZG" selected (1024 KB flash, 64 KB RAM).
 
JLink info:
------------
DLL: V4.68a, compiled Apr 12 2013 13:26:50
Firmware: J-Link ARM V8 compiled Jan 31 2018 18:34:52
Hardware: V8.00
S/N : 20080643 
Feature(s) : RDI,FlashDL,FlashBP,JFlash,GDBFull 
 
* JLink Info: Found SWD-DP with ID 0x2BA01477
* JLink Info: Found SWD-DP with ID 0x2BA01477
* JLink Info: TPIU fitted.
* JLink Info: ETM fitted.
* JLink Info: FPUnit: 6 code (BP) slots and 2 literal slots
* JLink Info: Found Cortex-M3 r2p0, Little endian.
ROMTableAddr = 0xE00FF003
 
Target info:
------------
Device: STM32F207ZG
VTarget = 3.300V
State of Pins: 
TCK: 0, TDI: 1, TDO: 1, TMS: 0, TRES: 1, TRST: 1
Hardware-Breakpoints: 6
Software-Breakpoints: 8192
Watchpoints:          4
JTAG speed: 4000 kHz
 
Erase Done.
Programming Done.
Verify OK.
Application running ...
Build target '神舟王STM322xG-EVAL_USBH-FS'
compiling app_task.c...
..\src\app_task.c(165): error:  #268: declaration may not appear after executable statement in block
".\STM322xG-EVAL\STM322xG-EVAL_FS.axf" - 1 Errors, 0 Warning(s).
Target not created
Build target '神舟王STM322xG-EVAL_USBH-FS'
compiling app_task.c...
linking...
Program Size: Code=46428 RO-data=14132 RW-data=560 ZI-data=14240  
FromELF: creating hex file...
".\STM322xG-EVAL\STM322xG-EVAL_FS.axf" - 0 Errors, 0 Warning(s).
Load "E:\\workSpace\\DFU_ucos_IP\\Project\\USB_Host_Examples\\MSC_读取U盘\\MDK-ARM\\STM322xG-EVAL\\STM322xG-EVAL_FS.axf" 
Set JLink Project File to "E:\workSpace\DFU_ucos_IP\Project\USB_Host_Examples\MSC_读取U盘\MDK-ARM\JLinkSettings.ini"
* JLink Info: Device "STM32F207ZG" selected (1024 KB flash, 64 KB RAM).
 
JLink info:
------------
DLL: V4.68a, compiled Apr 12 2013 13:26:50
Firmware: J-Link ARM V8 compiled Jan 31 2018 18:34:52
Hardware: V8.00
S/N : 20080643 
Feature(s) : RDI,FlashDL,FlashBP,JFlash,GDBFull 
 
* JLink Info: Found SWD-DP with ID 0x2BA01477
* JLink Info: Found SWD-DP with ID 0x2BA01477
* JLink Info: TPIU fitted.
* JLink Info: ETM fitted.
* JLink Info: FPUnit: 6 code (BP) slots and 2 literal slots
* JLink Info: Found Cortex-M3 r2p0, Little endian.
ROMTableAddr = 0xE00FF003
 
Target info:
------------
Device: STM32F207ZG
VTarget = 3.300V
State of Pins: 
TCK: 0, TDI: 1, TDO: 1, TMS: 0, TRES: 1, TRST: 1
Hardware-Breakpoints: 6
Software-Breakpoints: 8192
Watchpoints:          4
JTAG speed: 4000 kHz
 
Erase Done.
Programming Done.
Verify OK.
Application running ...
Build target '神舟王STM322xG-EVAL_USBH-FS'
compiling app_task.c...
linking...
Program Size: Code=46432 RO-data=14132 RW-data=560 ZI-data=14240  
FromELF: creating hex file...
".\STM322xG-EVAL\STM322xG-EVAL_FS.axf" - 0 Errors, 0 Warning(s).
Build target '神舟王STM322xG-EVAL_USBH-FS'
linking...
Program Size: Code=46432 RO-data=14132 RW-data=560 ZI-data=14240  
FromELF: creating hex file...
".\STM322xG-EVAL\STM322xG-EVAL_FS.axf" - 0 Errors, 0 Warning(s).
Load "E:\\workSpace\\DFU_ucos_IP\\Project\\USB_Host_Examples\\MSC_读取U盘\\MDK-ARM\\STM322xG-EVAL\\STM322xG-EVAL_FS.axf" 
Set JLink Project File to "E:\workSpace\DFU_ucos_IP\Project\USB_Host_Examples\MSC_读取U盘\MDK-ARM\JLinkSettings.ini"
* JLink Info: Device "STM32F207ZG" selected (1024 KB flash, 64 KB RAM).
 
JLink info:
------------
DLL: V4.68a, compiled Apr 12 2013 13:26:50
Firmware: J-Link ARM V8 compiled Jan 31 2018 18:34:52
Hardware: V8.00
S/N : 20080643 
Feature(s) : RDI,FlashDL,FlashBP,JFlash,GDBFull 
 
* JLink Info: Found SWD-DP with ID 0x2BA01477
* JLink Info: Found SWD-DP with ID 0x2BA01477
* JLink Info: TPIU fitted.
* JLink Info: ETM fitted.
* JLink Info: FPUnit: 6 code (BP) slots and 2 literal slots
* JLink Info: Found Cortex-M3 r2p0, Little endian.
ROMTableAddr = 0xE00FF003
 
Target info:
------------
Device: STM32F207ZG
VTarget = 3.300V
State of Pins: 
TCK: 0, TDI: 1, TDO: 1, TMS: 0, TRES: 1, TRST: 1
Hardware-Breakpoints: 6
Software-Breakpoints: 8192
Watchpoints:          4
JTAG speed: 4000 kHz
 
Erase Done.
Programming Done.
Verify OK.
Application running ...
Build target '神舟王STM322xG-EVAL_USBH-FS'
compiling app_task.c...
compiling os_tmr.c...
linking...
Program Size: Code=46424 RO-data=14132 RW-data=560 ZI-data=14240  
FromELF: creating hex file...
".\STM322xG-EVAL\STM322xG-EVAL_FS.axf" - 0 Errors, 0 Warning(s).
Load "E:\\workSpace\\DFU_ucos_IP\\Project\\USB_Host_Examples\\MSC_读取U盘\\MDK-ARM\\STM322xG-EVAL\\STM322xG-EVAL_FS.axf" 
Set JLink Project File to "E:\workSpace\DFU_ucos_IP\Project\USB_Host_Examples\MSC_读取U盘\MDK-ARM\JLinkSettings.ini"
* JLink Info: Device "STM32F207ZG" selected (1024 KB flash, 64 KB RAM).
 
JLink info:
------------
DLL: V4.68a, compiled Apr 12 2013 13:26:50
Firmware: J-Link ARM V8 compiled Jan 31 2018 18:34:52
Hardware: V8.00
S/N : 20080643 
Feature(s) : RDI,FlashDL,FlashBP,JFlash,GDBFull 
 
* JLink Info: Found SWD-DP with ID 0x2BA01477
* JLink Info: Found SWD-DP with ID 0x2BA01477
* JLink Info: TPIU fitted.
* JLink Info: ETM fitted.
* JLink Info: FPUnit: 6 code (BP) slots and 2 literal slots
* JLink Info: Found Cortex-M3 r2p0, Little endian.
ROMTableAddr = 0xE00FF003
 
Target info:
------------
Device: STM32F207ZG
VTarget = 3.300V
State of Pins: 
TCK: 0, TDI: 1, TDO: 1, TMS: 0, TRES: 1, TRST: 1
Hardware-Breakpoints: 6
Software-Breakpoints: 8192
Watchpoints:          4
JTAG speed: 4000 kHz
 
Erase Done.
Programming Done.
Verify OK.
Application running ...
Build target '神舟王STM322xG-EVAL_USBH-FS'
compiling stm32fxxx_it.c...
compiling main.c...
compiling usbh_usr.c...
compiling app_task.c...
compiling usbh_core.c...
compiling usbh_dfu_core.c...
..\..\..\..\Libraries\STM32_USB_HOST_Library\Class\DFU\src\usbh_dfu_core.c(605): warning:  #177-D: variable "pphost" was declared but never referenced
..\..\..\..\Libraries\STM32_USB_HOST_Library\Class\DFU\src\usbh_dfu_core.c(608): warning:  #177-D: variable "classReqStatus" was declared but never referenced
..\..\..\..\Libraries\STM32_USB_HOST_Library\Class\DFU\src\usbh_dfu_core.c(625): warning:  #177-D: variable "pphost" was declared but never referenced
..\..\..\..\Libraries\STM32_USB_HOST_Library\Class\DFU\src\usbh_dfu_core.c(702): warning:  #177-D: function "USBH_Get_DFU_ReportDescriptor" was declared but never referenced
..\..\..\..\Libraries\STM32_USB_HOST_Library\Class\DFU\src\usbh_dfu_core.c(735): warning:  #177-D: function "USBH_Get_DFU_Descriptor" was declared but never referenced
..\..\..\..\Libraries\STM32_USB_HOST_Library\Class\DFU\src\usbh_dfu_core.c(761): warning:  #177-D: function "USBH_Set_Idle" was declared but never referenced
..\..\..\..\Libraries\STM32_USB_HOST_Library\Class\DFU\src\usbh_dfu_core.c(789): warning:  #177-D: function "USBH_Set_Protocol" was declared but never referenced
compiling UART.C...
compiling lib.c...
compiling timer.c...
compiling rtc.c...
compiling shell.c...
..\..\..\..\Utilities\slef\shell.c(137): warning:  #550-D: variable "tmp1" was set but never used
..\..\..\..\Utilities\slef\shell.c(77): warning:  #177-D: function "cmd_ChgPara2DEC" was declared but never referenced
compiling os_core.c...
compiling os_mbox.c...
compiling os_q.c...
compiling os_sem.c...
compiling os_task.c...
compiling os_time.c...
compiling os_tmr.c...
compiling os_dbg.c...
compiling os_cpu_c.c...
linking...
Program Size: Code=46424 RO-data=14132 RW-data=560 ZI-data=14240  
FromELF: creating hex file...
".\STM322xG-EVAL\STM322xG-EVAL_FS.axf" - 0 Errors, 9 Warning(s).
Build target '神舟王STM322xG-EVAL_USBH-FS'
compiling stm32fxxx_it.c...
compiling main.c...
compiling usbh_usr.c...
compiling app_task.c...
..\src\app_task.c(169): error:  #165: too few arguments in function call
..\src\app_task.c(169): error:  #65: expected a ";"
..\src\app_task.c(171): error:  #165: too few arguments in function call
..\src\app_task.c(171): error:  #65: expected a ";"
compiling usbh_core.c...
compiling usbh_dfu_core.c...
..\..\..\..\Libraries\STM32_USB_HOST_Library\Class\DFU\src\usbh_dfu_core.c(605): warning:  #177-D: variable "pphost" was declared but never referenced
..\..\..\..\Libraries\STM32_USB_HOST_Library\Class\DFU\src\usbh_dfu_core.c(608): warning:  #177-D: variable "classReqStatus" was declared but never referenced
..\..\..\..\Libraries\STM32_USB_HOST_Library\Class\DFU\src\usbh_dfu_core.c(625): warning:  #177-D: variable "pphost" was declared but never referenced
..\..\..\..\Libraries\STM32_USB_HOST_Library\Class\DFU\src\usbh_dfu_core.c(702): warning:  #177-D: function "USBH_Get_DFU_ReportDescriptor" was declared but never referenced
..\..\..\..\Libraries\STM32_USB_HOST_Library\Class\DFU\src\usbh_dfu_core.c(735): warning:  #177-D: function "USBH_Get_DFU_Descriptor" was declared but never referenced
..\..\..\..\Libraries\STM32_USB_HOST_Library\Class\DFU\src\usbh_dfu_core.c(761): warning:  #177-D: function "USBH_Set_Idle" was declared but never referenced
..\..\..\..\Libraries\STM32_USB_HOST_Library\Class\DFU\src\usbh_dfu_core.c(789): warning:  #177-D: function "USBH_Set_Protocol" was declared but never referenced
compiling UART.C...
compiling lib.c...
compiling timer.c...
compiling rtc.c...
compiling shell.c...
..\..\..\..\Utilities\slef\shell.c(137): warning:  #550-D: variable "tmp1" was set but never used
..\..\..\..\Utilities\slef\shell.c(77): warning:  #177-D: function "cmd_ChgPara2DEC" was declared but never referenced
compiling os_core.c...
compiling os_mbox.c...
compiling os_q.c...
compiling os_sem.c...
compiling os_task.c...
compiling os_time.c...
compiling os_tmr.c...
compiling os_dbg.c...
compiling os_cpu_c.c...
".\STM322xG-EVAL\STM322xG-EVAL_FS.axf" - 4 Errors, 9 Warning(s).
Target not created
Build target '神舟王STM322xG-EVAL_USBH-FS'
compiling app_task.c...
linking...
Program Size: Code=46424 RO-data=14132 RW-data=560 ZI-data=14240  
FromELF: creating hex file...
".\STM322xG-EVAL\STM322xG-EVAL_FS.axf" - 0 Errors, 0 Warning(s).
Build target '神舟王STM322xG-EVAL_USBH-FS'
compiling app_task.c...
linking...
Program Size: Code=46424 RO-data=14132 RW-data=560 ZI-data=14240  
FromELF: creating hex file...
".\STM322xG-EVAL\STM322xG-EVAL_FS.axf" - 0 Errors, 0 Warning(s).
Build target '神舟王STM322xG-EVAL_USBH-FS'
linking...
Program Size: Code=46424 RO-data=14132 RW-data=560 ZI-data=14240  
FromELF: creating hex file...
".\STM322xG-EVAL\STM322xG-EVAL_FS.axf" - 0 Errors, 0 Warning(s).
Build target '神舟王STM322xG-EVAL_USBH-FS'
compiling app_task.c...
linking...
Program Size: Code=46424 RO-data=14132 RW-data=560 ZI-data=14240  
FromELF: creating hex file...
".\STM322xG-EVAL\STM322xG-EVAL_FS.axf" - 0 Errors, 0 Warning(s).
Load "E:\\workSpace\\DFU_ucos_IP\\Project\\USB_Host_Examples\\MSC_读取U盘\\MDK-ARM\\STM322xG-EVAL\\STM322xG-EVAL_FS.axf" 
Set JLink Project File to "E:\workSpace\DFU_ucos_IP\Project\USB_Host_Examples\MSC_读取U盘\MDK-ARM\JLinkSettings.ini"
* JLink Info: Device "STM32F207ZG" selected (1024 KB flash, 64 KB RAM).
 
JLink info:
------------
DLL: V4.68a, compiled Apr 12 2013 13:26:50
Firmware: J-Link ARM V8 compiled Jan 31 2018 18:34:52
Hardware: V8.00
S/N : 20080643 
Feature(s) : RDI,FlashDL,FlashBP,JFlash,GDBFull 
 
* JLink Info: Found SWD-DP with ID 0x2BA01477
* JLink Info: Found SWD-DP with ID 0x2BA01477
* JLink Info: TPIU fitted.
* JLink Info: ETM fitted.
* JLink Info: FPUnit: 6 code (BP) slots and 2 literal slots
* JLink Info: Found Cortex-M3 r2p0, Little endian.
ROMTableAddr = 0xE00FF003
 
Target info:
------------
Device: STM32F207ZG
VTarget = 3.300V
State of Pins: 
TCK: 0, TDI: 1, TDO: 1, TMS: 0, TRES: 1, TRST: 1
Hardware-Breakpoints: 6
Software-Breakpoints: 8192
Watchpoints:          4
JTAG speed: 4000 kHz
 
Erase Done.
Programming Done.
Verify OK.
Application running ...
Build target '神舟王STM322xG-EVAL_USBH-FS'
compiling app_task.c...
linking...
Program Size: Code=46424 RO-data=14132 RW-data=560 ZI-data=14240  
FromELF: creating hex file...
".\STM322xG-EVAL\STM322xG-EVAL_FS.axf" - 0 Errors, 0 Warning(s).
Load "E:\\workSpace\\DFU_ucos_IP\\Project\\USB_Host_Examples\\MSC_读取U盘\\MDK-ARM\\STM322xG-EVAL\\STM322xG-EVAL_FS.axf" 
Set JLink Project File to "E:\workSpace\DFU_ucos_IP\Project\USB_Host_Examples\MSC_读取U盘\MDK-ARM\JLinkSettings.ini"
* JLink Info: Device "STM32F207ZG" selected (1024 KB flash, 64 KB RAM).
 
JLink info:
------------
DLL: V4.68a, compiled Apr 12 2013 13:26:50
Firmware: J-Link ARM V8 compiled Jan 31 2018 18:34:52
Hardware: V8.00
S/N : 20080643 
Feature(s) : RDI,FlashDL,FlashBP,JFlash,GDBFull 
 
* JLink Info: Found SWD-DP with ID 0x2BA01477
* JLink Info: Found SWD-DP with ID 0x2BA01477
* JLink Info: TPIU fitted.
* JLink Info: ETM fitted.
* JLink Info: FPUnit: 6 code (BP) slots and 2 literal slots
* JLink Info: Found Cortex-M3 r2p0, Little endian.
ROMTableAddr = 0xE00FF003
 
Target info:
------------
Device: STM32F207ZG
VTarget = 3.300V
State of Pins: 
TCK: 0, TDI: 1, TDO: 1, TMS: 0, TRES: 1, TRST: 1
Hardware-Breakpoints: 6
Software-Breakpoints: 8192
Watchpoints:          4
JTAG speed: 4000 kHz
 
Erase Done.
Programming Done.
Verify OK.
Application running ...
Build target '神舟王STM322xG-EVAL_USBH-FS'
compiling stm32fxxx_it.c...
..\src\stm32fxxx_it.c(185): warning:  #223-D: function "RTC_SysTickCount" declared implicitly
compiling main.c...
compiling usbh_usr.c...
compiling app_task.c...
compiling usbh_core.c...
compiling usbh_dfu_core.c...
..\..\..\..\Libraries\STM32_USB_HOST_Library\Class\DFU\src\usbh_dfu_core.c(605): warning:  #177-D: variable "pphost" was declared but never referenced
..\..\..\..\Libraries\STM32_USB_HOST_Library\Class\DFU\src\usbh_dfu_core.c(608): warning:  #177-D: variable "classReqStatus" was declared but never referenced
..\..\..\..\Libraries\STM32_USB_HOST_Library\Class\DFU\src\usbh_dfu_core.c(625): warning:  #177-D: variable "pphost" was declared but never referenced
..\..\..\..\Libraries\STM32_USB_HOST_Library\Class\DFU\src\usbh_dfu_core.c(702): warning:  #177-D: function "USBH_Get_DFU_ReportDescriptor" was declared but never referenced
..\..\..\..\Libraries\STM32_USB_HOST_Library\Class\DFU\src\usbh_dfu_core.c(735): warning:  #177-D: function "USBH_Get_DFU_Descriptor" was declared but never referenced
..\..\..\..\Libraries\STM32_USB_HOST_Library\Class\DFU\src\usbh_dfu_core.c(761): warning:  #177-D: function "USBH_Set_Idle" was declared but never referenced
..\..\..\..\Libraries\STM32_USB_HOST_Library\Class\DFU\src\usbh_dfu_core.c(789): warning:  #177-D: function "USBH_Set_Protocol" was declared but never referenced
compiling UART.C...
compiling lib.c...
compiling timer.c...
compiling rtc.c...
compiling shell.c...
..\..\..\..\Utilities\slef\shell.c(137): warning:  #550-D: variable "tmp1" was set but never used
..\..\..\..\Utilities\slef\shell.c(356): error:  #20: identifier "err" is undefined
..\..\..\..\Utilities\slef\shell.c(356): warning:  #167-D: argument of type "void (*)(void)" is incompatible with parameter of type "OS_TMR_CALLBACK"
..\..\..\..\Utilities\slef\shell.c(77): warning:  #177-D: function "cmd_ChgPara2DEC" was declared but never referenced
..\..\..\..\Utilities\slef\shell.c(20): warning:  #177-D: variable "shellscantmr" was declared but never referenced
compiling os_core.c...
compiling os_mbox.c...
compiling os_q.c...
compiling os_sem.c...
compiling os_task.c...
compiling os_time.c...
compiling os_tmr.c...
compiling os_dbg.c...
compiling os_cpu_c.c...
".\STM322xG-EVAL\STM322xG-EVAL_FS.axf" - 1 Errors, 12 Warning(s).
Target not created
Build target '神舟王STM322xG-EVAL_USBH-FS'
compiling stm32fxxx_it.c...
compiling shell.c...
..\..\..\..\Utilities\slef\shell.c(137): warning:  #550-D: variable "tmp1" was set but never used
..\..\..\..\Utilities\slef\shell.c(356): error:  #20: identifier "err" is undefined
..\..\..\..\Utilities\slef\shell.c(356): warning:  #167-D: argument of type "void (*)(void)" is incompatible with parameter of type "OS_TMR_CALLBACK"
..\..\..\..\Utilities\slef\shell.c(77): warning:  #177-D: function "cmd_ChgPara2DEC" was declared but never referenced
..\..\..\..\Utilities\slef\shell.c(20): warning:  #177-D: variable "shellscantmr" was declared but never referenced
".\STM322xG-EVAL\STM322xG-EVAL_FS.axf" - 1 Errors, 4 Warning(s).
Target not created
Build target '神舟王STM322xG-EVAL_USBH-FS'
compiling shell.c...
..\..\..\..\Utilities\slef\shell.c(137): warning:  #550-D: variable "tmp1" was set but never used
..\..\..\..\Utilities\slef\shell.c(357): warning:  #167-D: argument of type "void (*)(void)" is incompatible with parameter of type "OS_TMR_CALLBACK"
..\..\..\..\Utilities\slef\shell.c(77): warning:  #177-D: function "cmd_ChgPara2DEC" was declared but never referenced
..\..\..\..\Utilities\slef\shell.c(20): warning:  #177-D: variable "shellscantmr" was declared but never referenced
linking...
Program Size: Code=46280 RO-data=14132 RW-data=560 ZI-data=14240  
FromELF: creating hex file...
".\STM322xG-EVAL\STM322xG-EVAL_FS.axf" - 0 Errors, 4 Warning(s).
Build target '神舟王STM322xG-EVAL_USBH-FS'
compiling stm32fxxx_it.c...
..\src\stm32fxxx_it.c(185): warning:  #223-D: function "RTC_SysTickCount" declared implicitly
linking...
Program Size: Code=46280 RO-data=14132 RW-data=560 ZI-data=14240  
FromELF: creating hex file...
".\STM322xG-EVAL\STM322xG-EVAL_FS.axf" - 0 Errors, 1 Warning(s).
Build target '神舟王STM322xG-EVAL_USBH-FS'
compiling stm32fxxx_it.c...
linking...
Program Size: Code=46280 RO-data=14132 RW-data=560 ZI-data=14240  
FromELF: creating hex file...
".\STM322xG-EVAL\STM322xG-EVAL_FS.axf" - 0 Errors, 0 Warning(s).
Build target '神舟王STM322xG-EVAL_USBH-FS'
compiling stm32fxxx_it.c...
linking...
Program Size: Code=46280 RO-data=14132 RW-data=560 ZI-data=14240  
FromELF: creating hex file...
".\STM322xG-EVAL\STM322xG-EVAL_FS.axf" - 0 Errors, 0 Warning(s).
Build target '神舟王STM322xG-EVAL_USBH-FS'
linking...
.\STM322xG-EVAL\STM322xG-EVAL_FS.axf: Error: L6218E: Undefined symbol TimerInit (referred from main.o).
".\STM322xG-EVAL\STM322xG-EVAL_FS.axf" - 1 Errors, 0 Warning(s).
Target not created
Build target '神舟王STM322xG-EVAL_USBH-FS'
compiling main.c...
linking...
Program Size: Code=46176 RO-data=14132 RW-data=552 ZI-data=14080  
FromELF: creating hex file...
".\STM322xG-EVAL\STM322xG-EVAL_FS.axf" - 0 Errors, 0 Warning(s).
Load "E:\\workSpace\\DFU_ucos_IP\\Project\\USB_Host_Examples\\MSC_读取U盘\\MDK-ARM\\STM322xG-EVAL\\STM322xG-EVAL_FS.axf" 
Set JLink Project File to "E:\workSpace\DFU_ucos_IP\Project\USB_Host_Examples\MSC_读取U盘\MDK-ARM\JLinkSettings.ini"
* JLink Info: Device "STM32F207ZG" selected (1024 KB flash, 64 KB RAM).
 
JLink info:
------------
DLL: V4.68a, compiled Apr 12 2013 13:26:50
Firmware: J-Link ARM V8 compiled Jan 31 2018 18:34:52
Hardware: V8.00
S/N : 20080643 
Feature(s) : RDI,FlashDL,FlashBP,JFlash,GDBFull 
 
* JLink Info: Found SWD-DP with ID 0x2BA01477
* JLink Info: Found SWD-DP with ID 0x2BA01477
* JLink Info: TPIU fitted.
* JLink Info: ETM fitted.
* JLink Info: FPUnit: 6 code (BP) slots and 2 literal slots
* JLink Info: Found Cortex-M3 r2p0, Little endian.
ROMTableAddr = 0xE00FF003
 
Target info:
------------
Device: STM32F207ZG
VTarget = 3.300V
State of Pins: 
TCK: 0, TDI: 1, TDO: 1, TMS: 0, TRES: 1, TRST: 1
Hardware-Breakpoints: 6
Software-Breakpoints: 8192
Watchpoints:          4
JTAG speed: 4000 kHz
 
Erase Done.
Programming Done.
Verify OK.
Application running ...
Build target '神舟王STM322xG-EVAL_USBH-FS'
compiling app_task.c...
linking...
Program Size: Code=46176 RO-data=14132 RW-data=552 ZI-data=14080  
FromELF: creating hex file...
".\STM322xG-EVAL\STM322xG-EVAL_FS.axf" - 0 Errors, 0 Warning(s).
compiling shell.c...
..\..\..\..\Utilities\slef\shell.c(137): warning:  #550-D: variable "tmp1" was set but never used
..\..\..\..\Utilities\slef\shell.c(77): warning:  #177-D: function "cmd_ChgPara2DEC" was declared but never referenced
..\..\..\..\Utilities\slef\shell.c(20): warning:  #177-D: variable "shellscantmr" was declared but never referenced
"..\..\..\..\Utilities\slef\shell.c" - 0 Errors, 3 Warning(s).
Build target '神舟王STM322xG-EVAL_USBH-FS'
compiling shell.c...
..\..\..\..\Utilities\slef\shell.c(136): warning:  #550-D: variable "tmp1" was set but never used
..\..\..\..\Utilities\slef\shell.c(76): warning:  #177-D: function "cmd_ChgPara2DEC" was declared but never referenced
linking...
Program Size: Code=46180 RO-data=14132 RW-data=548 ZI-data=14076  
FromELF: creating hex file...
".\STM322xG-EVAL\STM322xG-EVAL_FS.axf" - 0 Errors, 2 Warning(s).
Build target '神舟王STM322xG-EVAL_USBH-FS'
compiling shell.c...
..\..\..\..\Utilities\slef\shell.c(14): error:  #114: function "cmd_Beep" was referenced but not defined
..\..\..\..\Utilities\slef\shell.c(76): warning:  #177-D: function "cmd_ChgPara2DEC" was declared but never referenced
".\STM322xG-EVAL\STM322xG-EVAL_FS.axf" - 1 Errors, 1 Warning(s).
Target not created
Build target '神舟王STM322xG-EVAL_USBH-FS'
compiling shell.c...
..\..\..\..\Utilities\slef\shell.c(74): warning:  #177-D: function "cmd_ChgPara2DEC" was declared but never referenced
linking...
Program Size: Code=46164 RO-data=14076 RW-data=548 ZI-data=14076  
FromELF: creating hex file...
".\STM322xG-EVAL\STM322xG-EVAL_FS.axf" - 0 Errors, 1 Warning(s).
Load "E:\\workSpace\\DFU_ucos_IP\\Project\\USB_Host_Examples\\MSC_读取U盘\\MDK-ARM\\STM322xG-EVAL\\STM322xG-EVAL_FS.axf" 
Set JLink Project File to "E:\workSpace\DFU_ucos_IP\Project\USB_Host_Examples\MSC_读取U盘\MDK-ARM\JLinkSettings.ini"
* JLink Info: Device "STM32F207ZG" selected (1024 KB flash, 64 KB RAM).
 
JLink info:
------------
DLL: V4.68a, compiled Apr 12 2013 13:26:50
Firmware: J-Link ARM V8 compiled Jan 31 2018 18:34:52
Hardware: V8.00
S/N : 20080643 
Feature(s) : RDI,FlashDL,FlashBP,JFlash,GDBFull 
 
* JLink Info: Found SWD-DP with ID 0x2BA01477
* JLink Info: Found SWD-DP with ID 0x2BA01477
* JLink Info: TPIU fitted.
* JLink Info: ETM fitted.
* JLink Info: FPUnit: 6 code (BP) slots and 2 literal slots
* JLink Info: Found Cortex-M3 r2p0, Little endian.
ROMTableAddr = 0xE00FF003
 
Target info:
------------
Device: STM32F207ZG
VTarget = 3.300V
State of Pins: 
TCK: 0, TDI: 1, TDO: 1, TMS: 0, TRES: 1, TRST: 1
Hardware-Breakpoints: 6
Software-Breakpoints: 8192
Watchpoints:          4
JTAG speed: 4000 kHz
 
Erase Done.
Programming Done.
Verify OK.
Application running ...
Build target '神舟王STM322xG-EVAL_USBH-FS'
compiling shell.c...
..\..\..\..\Utilities\slef\shell.c(74): warning:  #177-D: function "cmd_ChgPara2DEC" was declared but never referenced
linking...
Program Size: Code=46164 RO-data=14076 RW-data=548 ZI-data=14076  
FromELF: creating hex file...
".\STM322xG-EVAL\STM322xG-EVAL_FS.axf" - 0 Errors, 1 Warning(s).
Load "E:\\workSpace\\DFU_ucos_IP\\Project\\USB_Host_Examples\\MSC_读取U盘\\MDK-ARM\\STM322xG-EVAL\\STM322xG-EVAL_FS.axf" 
Set JLink Project File to "E:\workSpace\DFU_ucos_IP\Project\USB_Host_Examples\MSC_读取U盘\MDK-ARM\JLinkSettings.ini"
* JLink Info: Device "STM32F207ZG" selected (1024 KB flash, 64 KB RAM).
 
JLink info:
------------
DLL: V4.68a, compiled Apr 12 2013 13:26:50
Firmware: J-Link ARM V8 compiled Jan 31 2018 18:34:52
Hardware: V8.00
S/N : 20080643 
Feature(s) : RDI,FlashDL,FlashBP,JFlash,GDBFull 
 
* JLink Info: Found SWD-DP with ID 0x2BA01477
* JLink Info: Found SWD-DP with ID 0x2BA01477
* JLink Info: TPIU fitted.
* JLink Info: ETM fitted.
* JLink Info: FPUnit: 6 code (BP) slots and 2 literal slots
* JLink Info: Found Cortex-M3 r2p0, Little endian.
ROMTableAddr = 0xE00FF003
 
Target info:
------------
Device: STM32F207ZG
VTarget = 3.300V
State of Pins: 
TCK: 0, TDI: 1, TDO: 1, TMS: 0, TRES: 1, TRST: 1
Hardware-Breakpoints: 6
Software-Breakpoints: 8192
Watchpoints:          4
JTAG speed: 4000 kHz
 
Erase Done.
Programming Done.
Verify OK.
Application running ...
